<?xml version="1.0" encoding="UTF-8"?>
<!-- Generated by org.testng.reporters.JUnitXMLReporter -->
<testsuite hostname="DESKTOP-VRFVKJF" ignored="0" name="Test" tests="6" failures="0" timestamp="2021-09-28T11:38:13 IST" time="0.082" errors="0">
  <testcase name="TestCase1" time="0.009" classname="com.TestNG.ParallelExecution1"/>
  <testcase name="TestCase4" time="0.009" classname="com.TestNG.ParallelExecution2"/>
  <testcase name="TestCase2" time="0.001" classname="com.TestNG.ParallelExecution1"/>
  <testcase name="TestCase5" time="0.004" classname="com.TestNG.ParallelExecution2"/>
  <testcase name="TestCase3" time="0.006" classname="com.TestNG.ParallelExecution1"/>
  <testcase name="TestCase6" time="0.002" classname="com.TestNG.ParallelExecution2"/>
</testsuite> <!-- Test -->
